# JRE version: OpenJDK Runtime Environment (17.0.6) (build 17.0.6+0-b2043.56-10027231)
# Java VM: OpenJDK 64-Bit Server VM (17.0.6+0-b2043.56-10027231, mixed mode, tiered, compressed oops, compressed class ptrs, g1 gc, windows-amd64)
GC Precious Log:
 CPUs: 8 total, 8 available
 Memory: 7991M
 Large Page Support: Disabled
 NUMA Support: Disabled
 Compressed Oops: Enabled (32-bit)
 Heap Region Size: 1M
 Heap Min Capacity: 8M
 Heap Initial Capacity: 126M
 Heap Max Capacity: 1998M
 Pre-touch: Disabled
 Parallel Workers: 8
 Concurrent Workers: 2
 Concurrent Refinement Workers: 8
 Periodic GC: Disabled
Heap:
 garbage-first heap   total 118784K, used 51901K [0x0000000083200000, 0x0000000100000000)
  region size 1024K, 7 young (7168K), 6 survivors (6144K)
 Metaspace       used 63425K, committed 63680K, reserved 1105920K
  class space    used 7465K, committed 7552K, reserved 1048576K
GC Heap History (20 events):
Event: 2.358 GC heap before
{Heap before GC invocations=9 (full 0):
 garbage-first heap   total 68608K, used 51471K [0x0000000083200000, 0x0000000100000000)
  region size 1024K, 34 young (34816K), 2 survivors (2048K)
 Metaspace       used 43332K, committed 43584K, reserved 1089536K
  class space    used 5261K, committed 5376K, reserved 1048576K
}
Event: 2.364 GC heap after
{Heap after GC invocations=10 (full 0):
 garbage-first heap   total 68608K, used 21455K [0x0000000083200000, 0x0000000100000000)
  region size 1024K, 4 young (4096K), 4 survivors (4096K)
 Metaspace       used 43332K, committed 43584K, reserved 1089536K
  class space    used 5261K, committed 5376K, reserved 1048576K
}
Event: 2.776 GC heap before
{Heap before GC invocations=10 (full 0):
 garbage-first heap   total 68608K, used 54223K [0x0000000083200000, 0x0000000100000000)
  region size 1024K, 33 young (33792K), 4 survivors (4096K)
 Metaspace       used 47604K, committed 47808K, reserved 1097728K
  class space    used 5782K, committed 5888K, reserved 1048576K
}
Event: 2.785 GC heap after
{Heap after GC invocations=11 (full 0):
 garbage-first heap   total 68608K, used 28564K [0x0000000083200000, 0x0000000100000000)
  region size 1024K, 5 young (5120K), 5 survivors (5120K)
 Metaspace       used 47604K, committed 47808K, reserved 1097728K
  class space    used 5782K, committed 5888K, reserved 1048576K
}
Event: 2.964 GC heap before
{Heap before GC invocations=11 (full 0):
 garbage-first heap   total 68608K, used 51092K [0x0000000083200000, 0x0000000100000000)
  region size 1024K, 27 young (27648K), 5 survivors (5120K)
 Metaspace       used 49050K, committed 49280K, reserved 1097728K
  class space    used 5928K, committed 6016K, reserved 1048576K
}
Event: 2.970 GC heap after
{Heap after GC invocations=12 (full 0):
 garbage-first heap   total 68608K, used 29550K [0x0000000083200000, 0x0000000100000000)
  region size 1024K, 2 young (2048K), 2 survivors (2048K)
 Metaspace       used 49050K, committed 49280K, reserved 1097728K
  class space    used 5928K, committed 6016K, reserved 1048576K
}
Event: 3.267 GC heap before
{Heap before GC invocations=12 (full 0):
 garbage-first heap   total 68608K, used 52078K [0x0000000083200000, 0x0000000100000000)
  region size 1024K, 24 young (24576K), 2 survivors (2048K)
 Metaspace       used 50507K, committed 50688K, reserved 1097728K
  class space    used 6050K, committed 6144K, reserved 1048576K
}
Event: 3.279 GC heap after
{Heap after GC invocations=13 (full 0):
 garbage-first heap   total 82944K, used 32731K [0x0000000083200000, 0x0000000100000000)
  region size 1024K, 3 young (3072K), 3 survivors (3072K)
 Metaspace       used 50507K, committed 50688K, reserved 1097728K
  class space    used 6050K, committed 6144K, reserved 1048576K
}
Event: 3.881 GC heap before
{Heap before GC invocations=13 (full 0):
 garbage-first heap   total 82944K, used 62427K [0x0000000083200000, 0x0000000100000000)
  region size 1024K, 32 young (32768K), 3 survivors (3072K)
 Metaspace       used 54357K, committed 54592K, reserved 1097728K
  class space    used 6441K, committed 6528K, reserved 1048576K
}
Event: 3.895 GC heap after
{Heap after GC invocations=14 (full 0):
 garbage-first heap   total 82944K, used 37851K [0x0000000083200000, 0x0000000100000000)
  region size 1024K, 4 young (4096K), 4 survivors (4096K)
 Metaspace       used 54357K, committed 54592K, reserved 1097728K
  class space    used 6441K, committed 6528K, reserved 1048576K
}
Event: 4.172 GC heap before
{Heap before GC invocations=14 (full 0):
 garbage-first heap   total 82944K, used 62427K [0x0000000083200000, 0x0000000100000000)
  region size 1024K, 28 young (28672K), 4 survivors (4096K)
 Metaspace       used 54719K, committed 54912K, reserved 1097728K
  class space    used 6451K, committed 6528K, reserved 1048576K
}
Event: 4.187 GC heap after
{Heap after GC invocations=15 (full 0):
 garbage-first heap   total 82944K, used 42288K [0x0000000083200000, 0x0000000100000000)
  region size 1024K, 4 young (4096K), 4 survivors (4096K)
 Metaspace       used 54719K, committed 54912K, reserved 1097728K
  class space    used 6451K, committed 6528K, reserved 1048576K
}
Event: 4.380 GC heap before
{Heap before GC invocations=15 (full 0):
 garbage-first heap   total 82944K, used 61744K [0x0000000083200000, 0x0000000100000000)
  region size 1024K, 24 young (24576K), 4 survivors (4096K)
 Metaspace       used 55727K, committed 55936K, reserved 1105920K
  class space    used 6562K, committed 6656K, reserved 1048576K
}
Event: 4.393 GC heap after
{Heap after GC invocations=16 (full 0):
 garbage-first heap   total 82944K, used 45815K [0x0000000083200000, 0x0000000100000000)
  region size 1024K, 3 young (3072K), 3 survivors (3072K)
 Metaspace       used 55727K, committed 55936K, reserved 1105920K
  class space    used 6562K, committed 6656K, reserved 1048576K
}
Event: 4.682 GC heap before
{Heap before GC invocations=17 (full 0):
 garbage-first heap   total 86016K, used 64247K [0x0000000083200000, 0x0000000100000000)
  region size 1024K, 21 young (21504K), 3 survivors (3072K)
 Metaspace       used 57310K, committed 57536K, reserved 1105920K
  class space    used 6783K, committed 6912K, reserved 1048576K
}
Event: 4.692 GC heap after
{Heap after GC invocations=18 (full 0):
 garbage-first heap   total 86016K, used 47137K [0x0000000083200000, 0x0000000100000000)
  region size 1024K, 2 young (2048K), 2 survivors (2048K)
 Metaspace       used 57310K, committed 57536K, reserved 1105920K
  class space    used 6783K, committed 6912K, reserved 1048576K
}
Event: 4.759 GC heap before
{Heap before GC invocations=18 (full 0):
 garbage-first heap   total 86016K, used 49185K [0x0000000083200000, 0x0000000100000000)
  region size 1024K, 4 young (4096K), 2 survivors (2048K)
 Metaspace       used 57493K, committed 57728K, reserved 1105920K
  class space    used 6799K, committed 6912K, reserved 1048576K
}
Event: 4.763 GC heap after
{Heap after GC invocations=19 (full 0):
 garbage-first heap   total 118784K, used 46618K [0x0000000083200000, 0x0000000100000000)
  region size 1024K, 1 young (1024K), 1 survivors (1024K)
 Metaspace       used 57493K, committed 57728K, reserved 1105920K
  class space    used 6799K, committed 6912K, reserved 1048576K
}
Event: 6.602 GC heap before
{Heap before GC invocations=19 (full 0):
 garbage-first heap   total 118784K, used 90650K [0x0000000083200000, 0x0000000100000000)
  region size 1024K, 44 young (45056K), 1 survivors (1024K)
 Metaspace       used 63403K, committed 63680K, reserved 1105920K
  class space    used 7465K, committed 7552K, reserved 1048576K
}
Event: 6.621 GC heap after
{Heap after GC invocations=20 (full 0):
 garbage-first heap   total 118784K, used 51901K [0x0000000083200000, 0x0000000100000000)
  region size 1024K, 6 young (6144K), 6 survivors (6144K)
 Metaspace       used 63403K, committed 63680K, reserved 1105920K
  class space    used 7465K, committed 7552K, reserved 1048576K
}

